<?xml version="1.0" encoding="UTF-8" ?>
<testsuite tests="1" failures="0" name="runners.RunnerTest" time="6.36" errors="1" skipped="0">
  <properties>
    <property name="java.runtime.name" value="Java(TM) SE Runtime Environment"/>
    <property name="java.vm.version" value="17.0.12+8-LTS-286"/>
    <property name="sun.boot.library.path" value="C:\Program Files\Java\jdk-17\bin"/>
    <property name="maven.multiModuleProjectDirectory" value="C:\Users\joaov\git\api-testes-automacao-fipe"/>
    <property name="java.vm.vendor" value="Oracle Corporation"/>
    <property name="java.vendor.url" value="https://java.oracle.com/"/>
    <property name="guice.disable.misplaced.annotation.check" value="true"/>
    <property name="path.separator" value=";"/>
    <property name="java.vm.name" value="Java HotSpot(TM) 64-Bit Server VM"/>
    <property name="sun.os.patch.level" value=""/>
    <property name="user.script" value=""/>
    <property name="user.country" value="BR"/>
    <property name="sun.java.launcher" value="SUN_STANDARD"/>
    <property name="java.vm.specification.name" value="Java Virtual Machine Specification"/>
    <property name="user.dir" value="C:\Users\joaov\git\api-testes-automacao-fipe"/>
    <property name="java.vm.compressedOopsMode" value="32-bit"/>
    <property name="java.runtime.version" value="17.0.12+8-LTS-286"/>
    <property name="os.arch" value="amd64"/>
    <property name="java.io.tmpdir" value="C:\Users\joaov\AppData\Local\Temp\"/>
    <property name="line.separator" value="
"/>
    <property name="java.vm.specification.vendor" value="Oracle Corporation"/>
    <property name="user.variant" value=""/>
    <property name="os.name" value="Windows 10"/>
    <property name="classworlds.conf" value="C:\Users\joaov\DevTools\apache-maven-3.6.3\bin\..\bin\m2.conf"/>
    <property name="sun.jnu.encoding" value="Cp1252"/>
    <property name="java.library.path" value="C:\Program Files\Java\jdk-17\bin;C:\WINDOWS\Sun\Java\bin;C:\WINDOWS\system32;C:\WINDOWS;C:\Program Files\Common Files\Oracle\Java\javapath;&quot;C:\Users\joaov\AppData\Local\Android\Sdk\tools;C:\Users\joaov\AppData\Local\Android\Sdk\cmdline-tools\bin;C:\Users\joaov\AppData\Local\Android\Sdk\platform-tools;C:\Program Files\Java\jre1.8.0_202\bin;C:\Program Files (x86)\Common Files\Oracle\Java\javapath&quot;;C:\WINDOWS\system32;C:\WINDOWS;C:\WINDOWS\System32\Wbem;C:\WINDOWS\System32\WindowsPowerShell\v1.0\;C:\WINDOWS\System32\OpenSSH\;C:\Program Files\Git\cmd,C:\Program Files\Java\jre1.8.0_202\bin

;C:\Users\joaov\AppData\Local\Microsoft\WindowsApps;C:\Users\joaov\AppData\Local\nvs\;C:\Users\joaov\AppData\Local\Microsoft\WinGet\Packages\Schniz.fnm_Microsoft.Winget.Source_8wekyb3d8bbwe;C:\Program Files\nodejs;C:\Program Files\Java\jdk-17\bin;C:\Users\joaov\DevTools\apache-maven-3.6.3\bin;C:\Program Files\Java\jdk-17;C:\Users\joaov\DevTools\apache-maven-3.9.9\bin;;."/>
    <property name="maven.conf" value="C:\Users\joaov\DevTools\apache-maven-3.6.3\bin\../conf"/>
    <property name="jdk.debug" value="release"/>
    <property name="java.class.version" value="61.0"/>
    <property name="java.specification.name" value="Java Platform API Specification"/>
    <property name="sun.management.compiler" value="HotSpot 64-Bit Tiered Compilers"/>
    <property name="os.version" value="10.0"/>
    <property name="library.jansi.path" value="C:\Users\joaov\DevTools\apache-maven-3.6.3\bin\..\lib\jansi-native"/>
    <property name="user.home" value="C:\Users\joaov"/>
    <property name="user.timezone" value="America/Sao_Paulo"/>
    <property name="file.encoding" value="Cp1252"/>
    <property name="java.specification.version" value="17"/>
    <property name="user.name" value="joaov"/>
    <property name="java.class.path" value="C:\Users\joaov\DevTools\apache-maven-3.6.3\bin\..\boot\plexus-classworlds-2.6.0.jar"/>
    <property name="java.vm.specification.version" value="17"/>
    <property name="sun.arch.data.model" value="64"/>
    <property name="sun.java.command" value="org.codehaus.plexus.classworlds.launcher.Launcher clean install"/>
    <property name="java.home" value="C:\Program Files\Java\jdk-17"/>
    <property name="user.language" value="pt"/>
    <property name="java.specification.vendor" value="Oracle Corporation"/>
    <property name="java.vm.info" value="mixed mode, sharing"/>
    <property name="java.version" value="17.0.12"/>
    <property name="native.encoding" value="Cp1252"/>
    <property name="java.vendor" value="Oracle Corporation"/>
    <property name="sun.stderr.encoding" value="cp850"/>
    <property name="maven.home" value="C:\Users\joaov\DevTools\apache-maven-3.6.3\bin\.."/>
    <property name="file.separator" value="\"/>
    <property name="java.version.date" value="2024-07-16"/>
    <property name="java.vendor.url.bug" value="https://bugreport.java.com/bugreport/"/>
    <property name="sun.io.unicode.encoding" value="UnicodeLittle"/>
    <property name="sun.cpu.endian" value="little"/>
    <property name="sun.stdout.encoding" value="cp850"/>
    <property name="sun.cpu.isalist" value="amd64"/>
  </properties>
  <testcase classname="Validar pedidos correios" name="Verificar criar pedidos correios" time="6.36">
    <error message="Cannot invoke &quot;java.net.http.HttpResponse.statusCode()&quot; because &quot;response&quot; is null" type="java.lang.NullPointerException">java.lang.NullPointerException: Cannot invoke &quot;java.net.http.HttpResponse.statusCode()&quot; because &quot;response&quot; is null
	at jornadas.generico.actions.GenericoAction.validarStatusCode(GenericoAction.java:12)
	at jornadas.pedidos.steps.PedidosSteps.devo_obter_o_codigo_de_status(PedidosSteps.java:38)
	at ✽.devo obter o codigo de status 200(file:src/test/java/jornadas/correios/features/criar-pedido-correios.feature:8)
</error>
    <system-out>RunnerTest Iniciado
@pedidocorreios
Funcionalidade: Validar pedidos correios

  @pedidocorreiospost
  Esquema do Cenário: Verificar criar pedidos correios # src/test/java/jornadas/correios/features/criar-pedido-correios.feature:6
    Dado que eu acesso a api post pedidos de correios com codigoobjeto &quot;&lt;codigoobjeto&gt;&quot;,largura &quot;&lt;largura&gt;&quot;,comprimento &quot;&lt;comprimento&gt;&quot;, altura &quot;&lt;altura&gt;&quot;, peso &quot;&lt;peso&gt;&quot;, formato &quot;&lt;formato&gt;&quot;e pcd &quot;&lt;pcd&gt;&quot;
    Entao devo obter o codigo de status 200

    Exemplos: 

  @pedidocorreios @pedidocorreiospost
  Esquema do Cenário: Verificar criar pedidos correios                                                                                                         # src/test/java/jornadas/correios/features/criar-pedido-correios.feature:12
    Dado que eu acesso a api post pedidos de correios com codigoobjeto &quot;teste109&quot;,largura &quot;5&quot;,comprimento &quot;5&quot;, altura &quot;5&quot;, peso &quot;1&quot;, formato &quot;pacote&quot;e pcd &quot;N&quot; # PedidoscorreiosSteps.queEuAcessoAApiPostPedidosDeCorreiosComCodigoobjetoLarguraComprimentoAlturaPesoFormatoEPcd(String,String,String,String,String,String,String)
    Entao devo obter o codigo de status 200                                                                                                                    # PedidosSteps.devo_obter_o_codigo_de_status(Integer)
      java.lang.NullPointerException: Cannot invoke &quot;java.net.http.HttpResponse.statusCode()&quot; because &quot;response&quot; is null
	at jornadas.generico.actions.GenericoAction.validarStatusCode(GenericoAction.java:12)
	at jornadas.pedidos.steps.PedidosSteps.devo_obter_o_codigo_de_status(PedidosSteps.java:38)
	at ?.devo obter o codigo de status 200(file:src/test/java/jornadas/correios/features/criar-pedido-correios.feature:8)

</system-out>
  </testcase>
</testsuite>